<?xml version="1.0" encoding="UTF-8"?>
<testsuites name="New Test Suite" time="70" tests="12" failures="1" errors="0">
   <testsuite name="New Test Suite" tests="12" failures="1" errors="0" time="70" timestamp="2019-03-07 12:32:56" hostname="apurvas - ULTP_605.synerzipune.local" id="Test Suites/New Test Suite">
      <properties>
         <property name="deviceName" value=""/>
         <property name="devicePlatform" value=""/>
         <property name="logFolder" value="E:\\test\\NewProject\\API-test\\API-test\\Reports\\New Test Suite\\20190307_123252"/>
         <property name="logFiles" value="E:\\test\\NewProject\\API-test\\API-test\\Reports\\New Test Suite\\20190307_123252\\execution0.log"/>
         <property name="attachments" value=""/>
         <property name="hostName" value="apurvas - ULTP_605.synerzipune.local"/>
         <property name="hostAddress" value="172.24.7.203"/>
         <property name="os" value="Windows 10 64bit"/>
         <property name="katalonVersion" value="6.0.5.4"/>
      </properties>
      <testcase name="Test Cases/MercatusTestCases/ProjectTestCases/Create entity with extra assumption values in API body" classname="Test Cases/MercatusTestCases/ProjectTestCases/Create entity with extra assumption values in API body" status="PASSED">
         <system-out><![CDATA[2019-03-07 12:32:56 - [TEST_CASE][PASSED] - Test Cases/MercatusTestCases/ProjectTestCases/Create entity with extra assumption values in API body: Test Cases/MercatusTestCases/ProjectTestCases/Create entity with extra assumption values in API body

2019-03-07 12:32:57 - [TEST_STEP][PASSED] - Response = sendRequest(findTestObject("Mercatus/Projects/Create Entity/Create entity with extra assumption values in API body", ["OrgId":findTestData("Create Entity").getValue(1, 1), "url3":findTestData("Create Entity").getValue(1, 1), "Authorization":Authorization])): Send request successfully

2019-03-07 12:33:03 - [MESSAGE][INFO] - HAR: E:\test\NewProject\API-test\API-test\Reports\New Test Suite\20190307_123252\requests\main\0.har

2019-03-07 12:33:04 - [MESSAGE][PASSED] - Send request successfully

2019-03-07 12:33:04 - [TEST_STEP][PASSED] - containsString(Response, "The application has encountered an error, Please retry.", false): Check contain string successfully

2019-03-07 12:33:04 - [MESSAGE][PASSED] - Check contain string successfully

2019-03-07 12:33:04 - [TEST_STEP][PASSED] - Start listener action : afterTestCase: null

2019-03-07 12:33:04 - [TEST_STEP][PASSED] - try: null

2019-03-07 12:33:04 - [TEST_STEP][PASSED] - tc_ids = getTestCaseVariables()["testrail_tc_id"].split(","): null

2019-03-07 12:33:04 - [TEST_STEP][PASSED] - for (def n : (0..(tc_ids.length - 1))): null

2019-03-07 12:33:04 - [TEST_STEP][PASSED] - G_run_testrail_tc_id.add(tc_ids[n]): null

2019-03-07 12:33:04 - [TEST_STEP][PASSED] - G_run_testrail_tc_status.add(testCaseContext.getTestCaseStatus()): null]]></system-out>
         <system-err><![CDATA[]]></system-err>
      </testcase>
      <testcase name="Test Cases/MercatusTestCases/ProjectTestCases/Create entity with invalid-Blank entity category name" classname="Test Cases/MercatusTestCases/ProjectTestCases/Create entity with invalid-Blank entity category name" status="PASSED">
         <system-out><![CDATA[2019-03-07 12:33:04 - [TEST_CASE][PASSED] - Test Cases/MercatusTestCases/ProjectTestCases/Create entity with invalid-Blank entity category name: Test Cases/MercatusTestCases/ProjectTestCases/Create entity with invalid-Blank entity category name

2019-03-07 12:33:05 - [TEST_STEP][PASSED] - Response = sendRequest(findTestObject("Mercatus/Projects/Create Entity/Create entity with invalid-Blank entity category name", ["OrgId":findTestData("Create Entity").getValue(1, 1), "url3":findTestData("Create Entity").getValue(1, 1), "Authorization":Authorization])): Send request successfully

2019-03-07 12:33:07 - [MESSAGE][INFO] - HAR: E:\test\NewProject\API-test\API-test\Reports\New Test Suite\20190307_123252\requests\main\1.har

2019-03-07 12:33:07 - [MESSAGE][PASSED] - Send request successfully

2019-03-07 12:33:07 - [TEST_STEP][PASSED] - containsString(Response, "The application has encountered an error, Please retry.", false): Check contain string successfully

2019-03-07 12:33:07 - [MESSAGE][PASSED] - Check contain string successfully

2019-03-07 12:33:07 - [TEST_STEP][PASSED] - Start listener action : afterTestCase: null

2019-03-07 12:33:07 - [TEST_STEP][PASSED] - try: null

2019-03-07 12:33:07 - [TEST_STEP][PASSED] - tc_ids = getTestCaseVariables()["testrail_tc_id"].split(","): null

2019-03-07 12:33:07 - [TEST_STEP][PASSED] - for (def n : (0..(tc_ids.length - 1))): null

2019-03-07 12:33:07 - [TEST_STEP][PASSED] - G_run_testrail_tc_id.add(tc_ids[n]): null

2019-03-07 12:33:07 - [TEST_STEP][PASSED] - G_run_testrail_tc_status.add(testCaseContext.getTestCaseStatus()): null]]></system-out>
         <system-err><![CDATA[]]></system-err>
      </testcase>
      <testcase name="Test Cases/MercatusTestCases/ProjectTestCases/Create entity without creation fields in API body" classname="Test Cases/MercatusTestCases/ProjectTestCases/Create entity without creation fields in API body" status="PASSED">
         <system-out><![CDATA[2019-03-07 12:33:07 - [TEST_CASE][PASSED] - Test Cases/MercatusTestCases/ProjectTestCases/Create entity without creation fields in API body: Test Cases/MercatusTestCases/ProjectTestCases/Create entity without creation fields in API body

2019-03-07 12:33:07 - [TEST_STEP][PASSED] - Response = sendRequest(findTestObject("Mercatus/Projects/Create Entity/Create entity without creation fields in API body", ["OrgId":findTestData("Create Entity").getValue(1, 1), "url3":findTestData("Create Entity").getValue(1, 1), "Authorization":Authorization])): Send request successfully

2019-03-07 12:33:09 - [MESSAGE][INFO] - HAR: E:\test\NewProject\API-test\API-test\Reports\New Test Suite\20190307_123252\requests\main\2.har

2019-03-07 12:33:09 - [MESSAGE][PASSED] - Send request successfully

2019-03-07 12:33:09 - [TEST_STEP][PASSED] - containsString(Response, "Error while creating project data", false): Check contain string successfully

2019-03-07 12:33:09 - [MESSAGE][PASSED] - Check contain string successfully

2019-03-07 12:33:09 - [TEST_STEP][PASSED] - Start listener action : afterTestCase: null

2019-03-07 12:33:09 - [TEST_STEP][PASSED] - try: null

2019-03-07 12:33:09 - [TEST_STEP][PASSED] - tc_ids = getTestCaseVariables()["testrail_tc_id"].split(","): null

2019-03-07 12:33:09 - [TEST_STEP][PASSED] - for (def n : (0..(tc_ids.length - 1))): null

2019-03-07 12:33:09 - [TEST_STEP][PASSED] - G_run_testrail_tc_id.add(tc_ids[n]): null

2019-03-07 12:33:09 - [TEST_STEP][PASSED] - G_run_testrail_tc_status.add(testCaseContext.getTestCaseStatus()): null]]></system-out>
         <system-err><![CDATA[]]></system-err>
      </testcase>
      <testcase name="Test Cases/MercatusTestCases/ProjectTestCases/Create project such that calculate gets triggered" classname="Test Cases/MercatusTestCases/ProjectTestCases/Create project such that calculate gets triggered" status="PASSED">
         <system-out><![CDATA[2019-03-07 12:33:09 - [TEST_CASE][PASSED] - Test Cases/MercatusTestCases/ProjectTestCases/Create project such that calculate gets triggered: Test Cases/MercatusTestCases/ProjectTestCases/Create project such that calculate gets triggered

2019-03-07 12:33:09 - [TEST_STEP][PASSED] - Response = sendRequest(findTestObject("Mercatus/Projects/Create Entity/Create project such that calculate gets triggered", ["url":findTestData("Create Entity").getValue(1, 1), "OrgId":findTestData("Create Entity").getValue(2, 1), "Authorization":Authorization])): Send request successfully

2019-03-07 12:33:16 - [MESSAGE][INFO] - HAR: E:\test\NewProject\API-test\API-test\Reports\New Test Suite\20190307_123252\requests\main\3.har

2019-03-07 12:33:16 - [MESSAGE][PASSED] - Send request successfully

2019-03-07 12:33:16 - [TEST_STEP][PASSED] - containsString(Response, "Project with matching Model", false): Check contain string successfully

2019-03-07 12:33:16 - [MESSAGE][PASSED] - Check contain string successfully

2019-03-07 12:33:16 - [TEST_STEP][PASSED] - Start listener action : afterTestCase: null

2019-03-07 12:33:16 - [TEST_STEP][PASSED] - try: null

2019-03-07 12:33:16 - [TEST_STEP][PASSED] - tc_ids = getTestCaseVariables()["testrail_tc_id"].split(","): null

2019-03-07 12:33:16 - [TEST_STEP][PASSED] - for (def n : (0..(tc_ids.length - 1))): null

2019-03-07 12:33:16 - [TEST_STEP][PASSED] - G_run_testrail_tc_id.add(tc_ids[n]): null

2019-03-07 12:33:16 - [TEST_STEP][PASSED] - G_run_testrail_tc_status.add(testCaseContext.getTestCaseStatus()): null]]></system-out>
         <system-err><![CDATA[]]></system-err>
      </testcase>
      <testcase name="Test Cases/MercatusTestCases/ProjectTestCases/Create project with incorrect assumption data" classname="Test Cases/MercatusTestCases/ProjectTestCases/Create project with incorrect assumption data" status="PASSED">
         <system-out><![CDATA[2019-03-07 12:33:16 - [TEST_CASE][PASSED] - Test Cases/MercatusTestCases/ProjectTestCases/Create project with incorrect assumption data: Test Cases/MercatusTestCases/ProjectTestCases/Create project with incorrect assumption data

2019-03-07 12:33:17 - [TEST_STEP][PASSED] - Response = sendRequest(findTestObject("Mercatus/Projects/Create Entity/Create project with incorrect assumption data", ["Authorization":Authorization, "url3":findTestData("Create Entity").getValue(1, 1), "OrgId":findTestData("Create Entity").getValue(1, 1)])): Send request successfully

2019-03-07 12:33:19 - [MESSAGE][INFO] - HAR: E:\test\NewProject\API-test\API-test\Reports\New Test Suite\20190307_123252\requests\main\4.har

2019-03-07 12:33:19 - [MESSAGE][PASSED] - Send request successfully

2019-03-07 12:33:19 - [TEST_STEP][PASSED] - containsString(Response, "The application has encountered an error, Please retry.", false): Check contain string successfully

2019-03-07 12:33:19 - [MESSAGE][PASSED] - Check contain string successfully

2019-03-07 12:33:19 - [TEST_STEP][PASSED] - Start listener action : afterTestCase: null

2019-03-07 12:33:19 - [TEST_STEP][PASSED] - try: null

2019-03-07 12:33:19 - [TEST_STEP][PASSED] - tc_ids = getTestCaseVariables()["testrail_tc_id"].split(","): null

2019-03-07 12:33:19 - [TEST_STEP][PASSED] - for (def n : (0..(tc_ids.length - 1))): null

2019-03-07 12:33:19 - [TEST_STEP][PASSED] - G_run_testrail_tc_id.add(tc_ids[n]): null

2019-03-07 12:33:19 - [TEST_STEP][PASSED] - G_run_testrail_tc_status.add(testCaseContext.getTestCaseStatus()): null]]></system-out>
         <system-err><![CDATA[]]></system-err>
      </testcase>
      <testcase name="Test Cases/MercatusTestCases/ProjectTestCases/Create project with invalid OrgId" classname="Test Cases/MercatusTestCases/ProjectTestCases/Create project with invalid OrgId" status="PASSED">
         <system-out><![CDATA[2019-03-07 12:33:19 - [TEST_CASE][PASSED] - Test Cases/MercatusTestCases/ProjectTestCases/Create project with invalid OrgId: Test Cases/MercatusTestCases/ProjectTestCases/Create project with invalid OrgId

2019-03-07 12:33:19 - [TEST_STEP][PASSED] - Response = sendRequest(findTestObject("Mercatus/Projects/Create Entity/Create project with invalid org id", ["Authorization":Authorization, "url3":findTestData("Create Entity").getValue(1, 1), "testrail_tc_id":"36505676"])): Send request successfully

2019-03-07 12:33:21 - [MESSAGE][INFO] - HAR: E:\test\NewProject\API-test\API-test\Reports\New Test Suite\20190307_123252\requests\main\5.har

2019-03-07 12:33:21 - [MESSAGE][PASSED] - Send request successfully

2019-03-07 12:33:21 - [TEST_STEP][PASSED] - containsString(Response, "Access Denied.", false): Check contain string successfully

2019-03-07 12:33:21 - [MESSAGE][PASSED] - Check contain string successfully

2019-03-07 12:33:21 - [TEST_STEP][PASSED] - Start listener action : afterTestCase: null

2019-03-07 12:33:21 - [TEST_STEP][PASSED] - try: null

2019-03-07 12:33:21 - [TEST_STEP][PASSED] - tc_ids = getTestCaseVariables()["testrail_tc_id"].split(","): null

2019-03-07 12:33:21 - [TEST_STEP][PASSED] - for (def n : (0..(tc_ids.length - 1))): null

2019-03-07 12:33:21 - [TEST_STEP][PASSED] - G_run_testrail_tc_id.add(tc_ids[n]): null

2019-03-07 12:33:21 - [TEST_STEP][PASSED] - G_run_testrail_tc_status.add(testCaseContext.getTestCaseStatus()): null]]></system-out>
         <system-err><![CDATA[]]></system-err>
      </testcase>
      <testcase name="Test Cases/MercatusTestCases/ProjectTestCases/Create project with template id" classname="Test Cases/MercatusTestCases/ProjectTestCases/Create project with template id" status="PASSED">
         <system-out><![CDATA[2019-03-07 12:33:21 - [TEST_CASE][PASSED] - Test Cases/MercatusTestCases/ProjectTestCases/Create project with template id: Test Cases/MercatusTestCases/ProjectTestCases/Create project with template id

2019-03-07 12:33:21 - [TEST_STEP][PASSED] - Response = sendRequest(findTestObject("Mercatus/Projects/Create Entity/Create project with template id", ["url":findTestData("Create Entity").getValue(1, 1), "OrgId":findTestData("Create Entity").getValue(2, 1), "Authorization":Authorization])): Send request successfully

2019-03-07 12:33:29 - [MESSAGE][INFO] - HAR: E:\test\NewProject\API-test\API-test\Reports\New Test Suite\20190307_123252\requests\main\6.har

2019-03-07 12:33:29 - [MESSAGE][PASSED] - Send request successfully

2019-03-07 12:33:29 - [TEST_STEP][PASSED] - containsString(Response, "Project with template id", false): Check contain string successfully

2019-03-07 12:33:29 - [MESSAGE][PASSED] - Check contain string successfully

2019-03-07 12:33:29 - [TEST_STEP][PASSED] - Start listener action : afterTestCase: null

2019-03-07 12:33:29 - [TEST_STEP][PASSED] - try: null

2019-03-07 12:33:29 - [TEST_STEP][PASSED] - tc_ids = getTestCaseVariables()["testrail_tc_id"].split(","): null

2019-03-07 12:33:29 - [TEST_STEP][PASSED] - for (def n : (0..(tc_ids.length - 1))): null

2019-03-07 12:33:29 - [TEST_STEP][PASSED] - G_run_testrail_tc_id.add(tc_ids[n]): null

2019-03-07 12:33:29 - [TEST_STEP][PASSED] - G_run_testrail_tc_status.add(testCaseContext.getTestCaseStatus()): null]]></system-out>
         <system-err><![CDATA[]]></system-err>
      </testcase>
      <testcase name="Test Cases/MercatusTestCases/ProjectTestCases/Create project without adding data for all assumptions" classname="Test Cases/MercatusTestCases/ProjectTestCases/Create project without adding data for all assumptions" status="PASSED">
         <system-out><![CDATA[2019-03-07 12:33:29 - [TEST_CASE][PASSED] - Test Cases/MercatusTestCases/ProjectTestCases/Create project without adding data for all assumptions: Test Cases/MercatusTestCases/ProjectTestCases/Create project without adding data for all assumptions

2019-03-07 12:33:30 - [TEST_STEP][PASSED] - Response = sendRequest(findTestObject("Mercatus/Projects/Create Entity/Create project without adding data for all assumptions", ["Authorization":Authorization, "OrgId":findTestData("Create Entity").getValue(1, 1), "url3":findTestData("Create Entity").getValue(1, 1)])): Send request successfully

2019-03-07 12:33:32 - [MESSAGE][INFO] - HAR: E:\test\NewProject\API-test\API-test\Reports\New Test Suite\20190307_123252\requests\main\7.har

2019-03-07 12:33:32 - [MESSAGE][PASSED] - Send request successfully

2019-03-07 12:33:32 - [TEST_STEP][PASSED] - containsString(Response, "The application has encountered an error, Please retry.", false): Check contain string successfully

2019-03-07 12:33:32 - [MESSAGE][PASSED] - Check contain string successfully

2019-03-07 12:33:32 - [TEST_STEP][PASSED] - Start listener action : afterTestCase: null

2019-03-07 12:33:32 - [TEST_STEP][PASSED] - try: null

2019-03-07 12:33:32 - [TEST_STEP][PASSED] - tc_ids = getTestCaseVariables()["testrail_tc_id"].split(","): null

2019-03-07 12:33:32 - [TEST_STEP][PASSED] - for (def n : (0..(tc_ids.length - 1))): null

2019-03-07 12:33:32 - [TEST_STEP][PASSED] - G_run_testrail_tc_id.add(tc_ids[n]): null

2019-03-07 12:33:32 - [TEST_STEP][PASSED] - G_run_testrail_tc_status.add(testCaseContext.getTestCaseStatus()): null]]></system-out>
         <system-err><![CDATA[]]></system-err>
      </testcase>
      <testcase name="Test Cases/MercatusTestCases/ProjectTestCases/Create project without project name" classname="Test Cases/MercatusTestCases/ProjectTestCases/Create project without project name" status="PASSED">
         <system-out><![CDATA[2019-03-07 12:33:32 - [TEST_CASE][PASSED] - Test Cases/MercatusTestCases/ProjectTestCases/Create project without project name: Test Cases/MercatusTestCases/ProjectTestCases/Create project without project name

2019-03-07 12:33:32 - [TEST_STEP][PASSED] - Response = sendRequest(findTestObject("Mercatus/Projects/Create Entity/Create project without project name", ["Authorization":Authorization, "url3":findTestData("Create Entity").getValue(1, 1), "OrgId":findTestData("Create Entity").getValue(2, 1)])): Send request successfully

2019-03-07 12:33:39 - [MESSAGE][INFO] - HAR: E:\test\NewProject\API-test\API-test\Reports\New Test Suite\20190307_123252\requests\main\8.har

2019-03-07 12:33:40 - [MESSAGE][PASSED] - Send request successfully

2019-03-07 12:33:40 - [TEST_STEP][PASSED] - verifyResponseStatusCode(Response, 200): Verify response status code successfully

2019-03-07 12:33:40 - [MESSAGE][PASSED] - Verify response status code successfully

2019-03-07 12:33:40 - [TEST_STEP][PASSED] - Start listener action : afterTestCase: null

2019-03-07 12:33:40 - [TEST_STEP][PASSED] - try: null

2019-03-07 12:33:40 - [TEST_STEP][PASSED] - tc_ids = getTestCaseVariables()["testrail_tc_id"].split(","): null

2019-03-07 12:33:40 - [TEST_STEP][PASSED] - for (def n : (0..(tc_ids.length - 1))): null

2019-03-07 12:33:40 - [TEST_STEP][PASSED] - G_run_testrail_tc_id.add(tc_ids[n]): null

2019-03-07 12:33:40 - [TEST_STEP][PASSED] - G_run_testrail_tc_status.add(testCaseContext.getTestCaseStatus()): null]]></system-out>
         <system-err><![CDATA[]]></system-err>
      </testcase>
      <testcase name="Test Cases/MercatusTestCases/ProjectTestCases/Create project without template id and auto select is OFF" classname="Test Cases/MercatusTestCases/ProjectTestCases/Create project without template id and auto select is OFF" status="PASSED">
         <system-out><![CDATA[2019-03-07 12:33:40 - [TEST_CASE][PASSED] - Test Cases/MercatusTestCases/ProjectTestCases/Create project without template id and auto select is OFF: Test Cases/MercatusTestCases/ProjectTestCases/Create project without template id and auto select is OFF

2019-03-07 12:33:40 - [TEST_STEP][PASSED] - Response = sendRequest(findTestObject("Mercatus/Projects/Create Entity/Create project without template id and auto select is OFF", ["url":findTestData("Create Entity").getValue(1, 1), "OrgId":findTestData("Create Entity").getValue(2, 1), "Authorization":Authorization])): Send request successfully

2019-03-07 12:33:47 - [MESSAGE][INFO] - HAR: E:\test\NewProject\API-test\API-test\Reports\New Test Suite\20190307_123252\requests\main\9.har

2019-03-07 12:33:47 - [MESSAGE][PASSED] - Send request successfully

2019-03-07 12:33:47 - [TEST_STEP][PASSED] - containsString(Response, "Project without temp id autoselect is OFF", false): Check contain string successfully

2019-03-07 12:33:47 - [MESSAGE][PASSED] - Check contain string successfully

2019-03-07 12:33:47 - [TEST_STEP][PASSED] - Start listener action : afterTestCase: null

2019-03-07 12:33:47 - [TEST_STEP][PASSED] - try: null

2019-03-07 12:33:47 - [TEST_STEP][PASSED] - tc_ids = getTestCaseVariables()["testrail_tc_id"].split(","): null

2019-03-07 12:33:47 - [TEST_STEP][PASSED] - for (def n : (0..(tc_ids.length - 1))): null

2019-03-07 12:33:47 - [TEST_STEP][PASSED] - G_run_testrail_tc_id.add(tc_ids[n]): null

2019-03-07 12:33:47 - [TEST_STEP][PASSED] - G_run_testrail_tc_status.add(testCaseContext.getTestCaseStatus()): null]]></system-out>
         <system-err><![CDATA[]]></system-err>
      </testcase>
      <testcase name="Test Cases/MercatusTestCases/ProjectTestCases/Create project without template id and auto select is ON" classname="Test Cases/MercatusTestCases/ProjectTestCases/Create project without template id and auto select is ON" status="PASSED">
         <system-out><![CDATA[2019-03-07 12:33:47 - [TEST_CASE][PASSED] - Test Cases/MercatusTestCases/ProjectTestCases/Create project without template id and auto select is ON: Test Cases/MercatusTestCases/ProjectTestCases/Create project without template id and auto select is ON

2019-03-07 12:33:47 - [TEST_STEP][PASSED] - Response = sendRequest(findTestObject("Mercatus/Projects/Create Entity/Create project without template id and auto select is ON", ["url":findTestData("Create Entity").getValue(1, 1), "OrgId":findTestData("Create Entity").getValue(2, 1), "Authorization":Authorization])): Send request successfully

2019-03-07 12:33:55 - [MESSAGE][INFO] - HAR: E:\test\NewProject\API-test\API-test\Reports\New Test Suite\20190307_123252\requests\main\10.har

2019-03-07 12:33:55 - [MESSAGE][PASSED] - Send request successfully

2019-03-07 12:33:55 - [TEST_STEP][PASSED] - containsString(Response, "Project with template Auto select ON", false): Check contain string successfully

2019-03-07 12:33:55 - [MESSAGE][PASSED] - Check contain string successfully

2019-03-07 12:33:55 - [TEST_STEP][PASSED] - Start listener action : afterTestCase: null

2019-03-07 12:33:55 - [TEST_STEP][PASSED] - try: null

2019-03-07 12:33:55 - [TEST_STEP][PASSED] - tc_ids = getTestCaseVariables()["testrail_tc_id"].split(","): null

2019-03-07 12:33:55 - [TEST_STEP][PASSED] - for (def n : (0..(tc_ids.length - 1))): null

2019-03-07 12:33:55 - [TEST_STEP][PASSED] - G_run_testrail_tc_id.add(tc_ids[n]): null

2019-03-07 12:33:55 - [TEST_STEP][PASSED] - G_run_testrail_tc_status.add(testCaseContext.getTestCaseStatus()): null]]></system-out>
         <system-err><![CDATA[]]></system-err>
      </testcase>
      <testcase name="Test Cases/MercatusTestCases/ProjectTestCases/CreateValidProjectTestCase" classname="Test Cases/MercatusTestCases/ProjectTestCases/CreateValidProjectTestCase" status="FAILED">
         <failure type="FAILED" message="Test Cases/MercatusTestCases/ProjectTestCases/CreateValidProjectTestCase FAILED.
Reason:
com.kms.katalon.core.exception.StepFailedException: Given string 'Jan-151' not found in response text '{&quot;error&quot;:&quot;The application has encountered an error, Please retry.&quot;}'
	at com.kms.katalon.core.keyword.internal.KeywordMain.stepFailed(KeywordMain.groovy:48)
	at com.kms.katalon.core.webservice.keyword.builtin.ContainsStringKeyword$_containsString_closure1.doCall(ContainsStringKeyword.groovy:55)
	at com.kms.katalon.core.webservice.keyword.builtin.ContainsStringKeyword$_containsString_closure1.call(ContainsStringKeyword.groovy)
	at com.kms.katalon.core.keyword.internal.KeywordMain.runKeyword(KeywordMain.groovy:66)
	at com.kms.katalon.core.webservice.keyword.builtin.ContainsStringKeyword.containsString(ContainsStringKeyword.groovy:41)
	at com.kms.katalon.core.webservice.keyword.builtin.ContainsStringKeyword.execute(ContainsStringKeyword.groovy:36)
	at com.kms.katalon.core.keyword.internal.KeywordExecutor.executeKeywordForPlatform(KeywordExecutor.groovy:56)
	at com.kms.katalon.core.webservice.keyword.WSBuiltInKeywords.containsString(WSBuiltInKeywords.groovy:183)
	at com.kms.katalon.core.webservice.keyword.WSBuiltInKeywords$containsString$0.call(Unknown Source)
	at CreateValidProjectTestCase.run(CreateValidProjectTestCase:20)
	at com.kms.katalon.core.main.ScriptEngine.run(ScriptEngine.java:194)
	at com.kms.katalon.core.main.ScriptEngine.runScriptAsRawText(ScriptEngine.java:119)
	at com.kms.katalon.core.main.TestCaseExecutor.runScript(TestCaseExecutor.java:331)
	at com.kms.katalon.core.main.TestCaseExecutor.doExecute(TestCaseExecutor.java:322)
	at com.kms.katalon.core.main.TestCaseExecutor.processExecutionPhase(TestCaseExecutor.java:301)
	at com.kms.katalon.core.main.TestCaseExecutor.accessMainPhase(TestCaseExecutor.java:293)
	at com.kms.katalon.core.main.TestCaseExecutor.execute(TestCaseExecutor.java:227)
	at com.kms.katalon.core.main.TestSuiteExecutor.accessTestCaseMainPhase(TestSuiteExecutor.java:129)
	at com.kms.katalon.core.main.TestSuiteExecutor.accessTestSuiteMainPhase(TestSuiteExecutor.java:112)
	at com.kms.katalon.core.main.TestSuiteExecutor.execute(TestSuiteExecutor.java:81)
	at com.kms.katalon.core.main.TestCaseMain.startTestSuite(TestCaseMain.java:157)
	at com.kms.katalon.core.main.TestCaseMain$startTestSuite$0.call(Unknown Source)
	at TempTestSuite1551942172840.run(TempTestSuite1551942172840.groovy:35)
"/>
         <system-out><![CDATA[2019-03-07 12:33:55 - [TEST_CASE][FAILED] - Test Cases/MercatusTestCases/ProjectTestCases/CreateValidProjectTestCase: Test Cases/MercatusTestCases/ProjectTestCases/CreateValidProjectTestCase FAILED.
Reason:
com.kms.katalon.core.exception.StepFailedException: Given string 'Jan-151' not found in response text '{"error":"The application has encountered an error, Please retry."}'
	at com.kms.katalon.core.keyword.internal.KeywordMain.stepFailed(KeywordMain.groovy:48)
	at com.kms.katalon.core.webservice.keyword.builtin.ContainsStringKeyword$_containsString_closure1.doCall(ContainsStringKeyword.groovy:55)
	at com.kms.katalon.core.webservice.keyword.builtin.ContainsStringKeyword$_containsString_closure1.call(ContainsStringKeyword.groovy)
	at com.kms.katalon.core.keyword.internal.KeywordMain.runKeyword(KeywordMain.groovy:66)
	at com.kms.katalon.core.webservice.keyword.builtin.ContainsStringKeyword.containsString(ContainsStringKeyword.groovy:41)
	at com.kms.katalon.core.webservice.keyword.builtin.ContainsStringKeyword.execute(ContainsStringKeyword.groovy:36)
	at com.kms.katalon.core.keyword.internal.KeywordExecutor.executeKeywordForPlatform(KeywordExecutor.groovy:56)
	at com.kms.katalon.core.webservice.keyword.WSBuiltInKeywords.containsString(WSBuiltInKeywords.groovy:183)
	at com.kms.katalon.core.webservice.keyword.WSBuiltInKeywords$containsString$0.call(Unknown Source)
	at CreateValidProjectTestCase.run(CreateValidProjectTestCase:20)
	at com.kms.katalon.core.main.ScriptEngine.run(ScriptEngine.java:194)
	at com.kms.katalon.core.main.ScriptEngine.runScriptAsRawText(ScriptEngine.java:119)
	at com.kms.katalon.core.main.TestCaseExecutor.runScript(TestCaseExecutor.java:331)
	at com.kms.katalon.core.main.TestCaseExecutor.doExecute(TestCaseExecutor.java:322)
	at com.kms.katalon.core.main.TestCaseExecutor.processExecutionPhase(TestCaseExecutor.java:301)
	at com.kms.katalon.core.main.TestCaseExecutor.accessMainPhase(TestCaseExecutor.java:293)
	at com.kms.katalon.core.main.TestCaseExecutor.execute(TestCaseExecutor.java:227)
	at com.kms.katalon.core.main.TestSuiteExecutor.accessTestCaseMainPhase(TestSuiteExecutor.java:129)
	at com.kms.katalon.core.main.TestSuiteExecutor.accessTestSuiteMainPhase(TestSuiteExecutor.java:112)
	at com.kms.katalon.core.main.TestSuiteExecutor.execute(TestSuiteExecutor.java:81)
	at com.kms.katalon.core.main.TestCaseMain.startTestSuite(TestCaseMain.java:157)
	at com.kms.katalon.core.main.TestCaseMain$startTestSuite$0.call(Unknown Source)
	at TempTestSuite1551942172840.run(TempTestSuite1551942172840.groovy:35)


2019-03-07 12:33:56 - [TEST_STEP][PASSED] - response = sendRequest(findTestObject("Mercatus/Projects/CreateValidProject", ["url3":findTestData("Variables").getValue(1, 1)])): Send request successfully

2019-03-07 12:33:57 - [MESSAGE][INFO] - HAR: E:\test\NewProject\API-test\API-test\Reports\New Test Suite\20190307_123252\requests\main\11.har

2019-03-07 12:33:57 - [MESSAGE][PASSED] - Send request successfully

2019-03-07 12:33:57 - [TEST_STEP][FAILED] - containsString(response, "Jan-151", false): containsString(response, "Jan-151", false) FAILED.
Reason:
com.kms.katalon.core.exception.StepFailedException: Given string 'Jan-151' not found in response text '{"error":"The application has encountered an error, Please retry."}'
	at com.kms.katalon.core.keyword.internal.KeywordMain.stepFailed(KeywordMain.groovy:48)
	at com.kms.katalon.core.webservice.keyword.builtin.ContainsStringKeyword$_containsString_closure1.doCall(ContainsStringKeyword.groovy:55)
	at com.kms.katalon.core.webservice.keyword.builtin.ContainsStringKeyword$_containsString_closure1.call(ContainsStringKeyword.groovy)
	at com.kms.katalon.core.keyword.internal.KeywordMain.runKeyword(KeywordMain.groovy:66)
	at com.kms.katalon.core.webservice.keyword.builtin.ContainsStringKeyword.containsString(ContainsStringKeyword.groovy:41)
	at com.kms.katalon.core.webservice.keyword.builtin.ContainsStringKeyword.execute(ContainsStringKeyword.groovy:36)
	at com.kms.katalon.core.keyword.internal.KeywordExecutor.executeKeywordForPlatform(KeywordExecutor.groovy:56)
	at com.kms.katalon.core.webservice.keyword.WSBuiltInKeywords.containsString(WSBuiltInKeywords.groovy:183)
	at com.kms.katalon.core.webservice.keyword.WSBuiltInKeywords$containsString$0.call(Unknown Source)
	at CreateValidProjectTestCase.run(CreateValidProjectTestCase:20)
	at com.kms.katalon.core.main.ScriptEngine.run(ScriptEngine.java:194)
	at com.kms.katalon.core.main.ScriptEngine.runScriptAsRawText(ScriptEngine.java:119)
	at com.kms.katalon.core.main.TestCaseExecutor.runScript(TestCaseExecutor.java:331)
	at com.kms.katalon.core.main.TestCaseExecutor.doExecute(TestCaseExecutor.java:322)
	at com.kms.katalon.core.main.TestCaseExecutor.processExecutionPhase(TestCaseExecutor.java:301)
	at com.kms.katalon.core.main.TestCaseExecutor.accessMainPhase(TestCaseExecutor.java:293)
	at com.kms.katalon.core.main.TestCaseExecutor.execute(TestCaseExecutor.java:227)
	at com.kms.katalon.core.main.TestSuiteExecutor.accessTestCaseMainPhase(TestSuiteExecutor.java:129)
	at com.kms.katalon.core.main.TestSuiteExecutor.accessTestSuiteMainPhase(TestSuiteExecutor.java:112)
	at com.kms.katalon.core.main.TestSuiteExecutor.execute(TestSuiteExecutor.java:81)
	at com.kms.katalon.core.main.TestCaseMain.startTestSuite(TestCaseMain.java:157)
	at com.kms.katalon.core.main.TestCaseMain$startTestSuite$0.call(Unknown Source)
	at TempTestSuite1551942172840.run(TempTestSuite1551942172840.groovy:35)


2019-03-07 12:33:58 - [MESSAGE][FAILED] - Given string 'Jan-151' not found in response text '{"error":"The application has encountered an error, Please retry."}'

2019-03-07 12:33:58 - [MESSAGE][FAILED] - Unable to check contain string (Root cause: com.kms.katalon.core.exception.StepFailedException: Given string 'Jan-151' not found in response text '{"error":"The application has encountered an error, Please retry."}'
	at com.kms.katalon.core.keyword.internal.KeywordMain.stepFailed(KeywordMain.groovy:48)
	at com.kms.katalon.core.webservice.keyword.builtin.ContainsStringKeyword$_containsString_closure1.doCall(ContainsStringKeyword.groovy:55)
	at com.kms.katalon.core.webservice.keyword.builtin.ContainsStringKeyword$_containsString_closure1.call(ContainsStringKeyword.groovy)
	at com.kms.katalon.core.keyword.internal.KeywordMain.runKeyword(KeywordMain.groovy:66)
	at com.kms.katalon.core.webservice.keyword.builtin.ContainsStringKeyword.containsString(ContainsStringKeyword.groovy:41)
	at com.kms.katalon.core.webservice.keyword.builtin.ContainsStringKeyword.execute(ContainsStringKeyword.groovy:36)
	at com.kms.katalon.core.keyword.internal.KeywordExecutor.executeKeywordForPlatform(KeywordExecutor.groovy:56)
	at com.kms.katalon.core.webservice.keyword.WSBuiltInKeywords.containsString(WSBuiltInKeywords.groovy:183)
	at com.kms.katalon.core.webservice.keyword.WSBuiltInKeywords$containsString$0.call(Unknown Source)
	at CreateValidProjectTestCase.run(CreateValidProjectTestCase:20)
	at com.kms.katalon.core.main.ScriptEngine.run(ScriptEngine.java:194)
	at com.kms.katalon.core.main.ScriptEngine.runScriptAsRawText(ScriptEngine.java:119)
	at com.kms.katalon.core.main.TestCaseExecutor.runScript(TestCaseExecutor.java:331)
	at com.kms.katalon.core.main.TestCaseExecutor.doExecute(TestCaseExecutor.java:322)
	at com.kms.katalon.core.main.TestCaseExecutor.processExecutionPhase(TestCaseExecutor.java:301)
	at com.kms.katalon.core.main.TestCaseExecutor.accessMainPhase(TestCaseExecutor.java:293)
	at com.kms.katalon.core.main.TestCaseExecutor.execute(TestCaseExecutor.java:227)
	at com.kms.katalon.core.main.TestSuiteExecutor.accessTestCaseMainPhase(TestSuiteExecutor.java:129)
	at com.kms.katalon.core.main.TestSuiteExecutor.accessTestSuiteMainPhase(TestSuiteExecutor.java:112)
	at com.kms.katalon.core.main.TestSuiteExecutor.execute(TestSuiteExecutor.java:81)
	at com.kms.katalon.core.main.TestCaseMain.startTestSuite(TestCaseMain.java:157)
	at com.kms.katalon.core.main.TestCaseMain$startTestSuite$0.call(Unknown Source)
	at TempTestSuite1551942172840.run(TempTestSuite1551942172840.groovy:35)
)

2019-03-07 12:33:58 - [MESSAGE][FAILED] - containsString(response, "Jan-151", false) FAILED.
Reason:
com.kms.katalon.core.exception.StepFailedException: Given string 'Jan-151' not found in response text '{"error":"The application has encountered an error, Please retry."}'
	at com.kms.katalon.core.keyword.internal.KeywordMain.stepFailed(KeywordMain.groovy:48)
	at com.kms.katalon.core.webservice.keyword.builtin.ContainsStringKeyword$_containsString_closure1.doCall(ContainsStringKeyword.groovy:55)
	at com.kms.katalon.core.webservice.keyword.builtin.ContainsStringKeyword$_containsString_closure1.call(ContainsStringKeyword.groovy)
	at com.kms.katalon.core.keyword.internal.KeywordMain.runKeyword(KeywordMain.groovy:66)
	at com.kms.katalon.core.webservice.keyword.builtin.ContainsStringKeyword.containsString(ContainsStringKeyword.groovy:41)
	at com.kms.katalon.core.webservice.keyword.builtin.ContainsStringKeyword.execute(ContainsStringKeyword.groovy:36)
	at com.kms.katalon.core.keyword.internal.KeywordExecutor.executeKeywordForPlatform(KeywordExecutor.groovy:56)
	at com.kms.katalon.core.webservice.keyword.WSBuiltInKeywords.containsString(WSBuiltInKeywords.groovy:183)
	at com.kms.katalon.core.webservice.keyword.WSBuiltInKeywords$containsString$0.call(Unknown Source)
	at CreateValidProjectTestCase.run(CreateValidProjectTestCase:20)
	at com.kms.katalon.core.main.ScriptEngine.run(ScriptEngine.java:194)
	at com.kms.katalon.core.main.ScriptEngine.runScriptAsRawText(ScriptEngine.java:119)
	at com.kms.katalon.core.main.TestCaseExecutor.runScript(TestCaseExecutor.java:331)
	at com.kms.katalon.core.main.TestCaseExecutor.doExecute(TestCaseExecutor.java:322)
	at com.kms.katalon.core.main.TestCaseExecutor.processExecutionPhase(TestCaseExecutor.java:301)
	at com.kms.katalon.core.main.TestCaseExecutor.accessMainPhase(TestCaseExecutor.java:293)
	at com.kms.katalon.core.main.TestCaseExecutor.execute(TestCaseExecutor.java:227)
	at com.kms.katalon.core.main.TestSuiteExecutor.accessTestCaseMainPhase(TestSuiteExecutor.java:129)
	at com.kms.katalon.core.main.TestSuiteExecutor.accessTestSuiteMainPhase(TestSuiteExecutor.java:112)
	at com.kms.katalon.core.main.TestSuiteExecutor.execute(TestSuiteExecutor.java:81)
	at com.kms.katalon.core.main.TestCaseMain.startTestSuite(TestCaseMain.java:157)
	at com.kms.katalon.core.main.TestCaseMain$startTestSuite$0.call(Unknown Source)
	at TempTestSuite1551942172840.run(TempTestSuite1551942172840.groovy:35)


2019-03-07 12:33:58 - [TEST_STEP][PASSED] - Start listener action : afterTestCase: null

2019-03-07 12:33:58 - [TEST_STEP][PASSED] - try: null

2019-03-07 12:33:58 - [TEST_STEP][PASSED] - tc_ids = getTestCaseVariables()["testrail_tc_id"].split(","): null

2019-03-07 12:33:58 - [TEST_STEP][PASSED] - for (def n : (0..(tc_ids.length - 1))): null

2019-03-07 12:33:58 - [TEST_STEP][PASSED] - G_run_testrail_tc_id.add(tc_ids[n]): null

2019-03-07 12:33:58 - [TEST_STEP][PASSED] - G_run_testrail_tc_status.add(testCaseContext.getTestCaseStatus()): null]]></system-out>
         <system-err><![CDATA[2019-03-07 12:33:55 - [TEST_CASE][FAILED] - Test Cases/MercatusTestCases/ProjectTestCases/CreateValidProjectTestCase: Test Cases/MercatusTestCases/ProjectTestCases/CreateValidProjectTestCase FAILED.
Reason:
com.kms.katalon.core.exception.StepFailedException: Given string 'Jan-151' not found in response text '{"error":"The application has encountered an error, Please retry."}'
	at com.kms.katalon.core.keyword.internal.KeywordMain.stepFailed(KeywordMain.groovy:48)
	at com.kms.katalon.core.webservice.keyword.builtin.ContainsStringKeyword$_containsString_closure1.doCall(ContainsStringKeyword.groovy:55)
	at com.kms.katalon.core.webservice.keyword.builtin.ContainsStringKeyword$_containsString_closure1.call(ContainsStringKeyword.groovy)
	at com.kms.katalon.core.keyword.internal.KeywordMain.runKeyword(KeywordMain.groovy:66)
	at com.kms.katalon.core.webservice.keyword.builtin.ContainsStringKeyword.containsString(ContainsStringKeyword.groovy:41)
	at com.kms.katalon.core.webservice.keyword.builtin.ContainsStringKeyword.execute(ContainsStringKeyword.groovy:36)
	at com.kms.katalon.core.keyword.internal.KeywordExecutor.executeKeywordForPlatform(KeywordExecutor.groovy:56)
	at com.kms.katalon.core.webservice.keyword.WSBuiltInKeywords.containsString(WSBuiltInKeywords.groovy:183)
	at com.kms.katalon.core.webservice.keyword.WSBuiltInKeywords$containsString$0.call(Unknown Source)
	at CreateValidProjectTestCase.run(CreateValidProjectTestCase:20)
	at com.kms.katalon.core.main.ScriptEngine.run(ScriptEngine.java:194)
	at com.kms.katalon.core.main.ScriptEngine.runScriptAsRawText(ScriptEngine.java:119)
	at com.kms.katalon.core.main.TestCaseExecutor.runScript(TestCaseExecutor.java:331)
	at com.kms.katalon.core.main.TestCaseExecutor.doExecute(TestCaseExecutor.java:322)
	at com.kms.katalon.core.main.TestCaseExecutor.processExecutionPhase(TestCaseExecutor.java:301)
	at com.kms.katalon.core.main.TestCaseExecutor.accessMainPhase(TestCaseExecutor.java:293)
	at com.kms.katalon.core.main.TestCaseExecutor.execute(TestCaseExecutor.java:227)
	at com.kms.katalon.core.main.TestSuiteExecutor.accessTestCaseMainPhase(TestSuiteExecutor.java:129)
	at com.kms.katalon.core.main.TestSuiteExecutor.accessTestSuiteMainPhase(TestSuiteExecutor.java:112)
	at com.kms.katalon.core.main.TestSuiteExecutor.execute(TestSuiteExecutor.java:81)
	at com.kms.katalon.core.main.TestCaseMain.startTestSuite(TestCaseMain.java:157)
	at com.kms.katalon.core.main.TestCaseMain$startTestSuite$0.call(Unknown Source)
	at TempTestSuite1551942172840.run(TempTestSuite1551942172840.groovy:35)]]></system-err>
      </testcase>
      <testcase name="Test Cases/MercatusTestCases/ProjectTestCases/UpdateValidAssumptionTestcase" classname="Test Cases/MercatusTestCases/ProjectTestCases/UpdateValidAssumptionTestcase" status="PASSED">
         <system-out><![CDATA[2019-03-07 12:33:58 - [TEST_CASE][PASSED] - Test Cases/MercatusTestCases/ProjectTestCases/UpdateValidAssumptionTestcase: Test Cases/MercatusTestCases/ProjectTestCases/UpdateValidAssumptionTestcase

2019-03-07 12:33:58 - [TEST_STEP][PASSED] - Response = sendRequest(findTestObject("Mercatus/Projects/UpdateValidAssumption", ["Projectid":findTestData("CreateProject2").getValue(4, 1), "AssumpId":2])): Send request successfully

2019-03-07 12:34:01 - [MESSAGE][INFO] - HAR: E:\test\NewProject\API-test\API-test\Reports\New Test Suite\20190307_123252\requests\main\12.har

2019-03-07 12:34:01 - [MESSAGE][PASSED] - Send request successfully

2019-03-07 12:34:01 - [TEST_STEP][PASSED] - verifyMatch(""assumptionId":2,", ""assumptionId":2,", true): Actual text '"assumptionId":2,' and expected text '"assumptionId":2,' are matched  using regular expression

2019-03-07 12:34:01 - [MESSAGE][PASSED] - Actual text '"assumptionId":2,' and expected text '"assumptionId":2,' are matched  using regular expression

2019-03-07 12:34:01 - [TEST_STEP][PASSED] - Start listener action : afterTestCase: null

2019-03-07 12:34:01 - [TEST_STEP][PASSED] - try: null

2019-03-07 12:34:01 - [TEST_STEP][PASSED] - tc_ids = getTestCaseVariables()["testrail_tc_id"].split(","): null

2019-03-07 12:34:01 - [TEST_STEP][PASSED] - catch (NullPointerException ex): null]]></system-out>
         <system-err><![CDATA[]]></system-err>
      </testcase>
      <system-out><![CDATA[2019-03-07 12:32:56 - [TEST_SUITE][FAILED] - New Test Suite: Test Cases/MercatusTestCases/ProjectTestCases/CreateValidProjectTestCase FAILED.
Reason:
com.kms.katalon.core.exception.StepFailedException: Given string 'Jan-151' not found in response text '{"error":"The application has encountered an error, Please retry."}'
	at com.kms.katalon.core.keyword.internal.KeywordMain.stepFailed(KeywordMain.groovy:48)
	at com.kms.katalon.core.webservice.keyword.builtin.ContainsStringKeyword$_containsString_closure1.doCall(ContainsStringKeyword.groovy:55)
	at com.kms.katalon.core.webservice.keyword.builtin.ContainsStringKeyword$_containsString_closure1.call(ContainsStringKeyword.groovy)
	at com.kms.katalon.core.keyword.internal.KeywordMain.runKeyword(KeywordMain.groovy:66)
	at com.kms.katalon.core.webservice.keyword.builtin.ContainsStringKeyword.containsString(ContainsStringKeyword.groovy:41)
	at com.kms.katalon.core.webservice.keyword.builtin.ContainsStringKeyword.execute(ContainsStringKeyword.groovy:36)
	at com.kms.katalon.core.keyword.internal.KeywordExecutor.executeKeywordForPlatform(KeywordExecutor.groovy:56)
	at com.kms.katalon.core.webservice.keyword.WSBuiltInKeywords.containsString(WSBuiltInKeywords.groovy:183)
	at com.kms.katalon.core.webservice.keyword.WSBuiltInKeywords$containsString$0.call(Unknown Source)
	at CreateValidProjectTestCase.run(CreateValidProjectTestCase:20)
	at com.kms.katalon.core.main.ScriptEngine.run(ScriptEngine.java:194)
	at com.kms.katalon.core.main.ScriptEngine.runScriptAsRawText(ScriptEngine.java:119)
	at com.kms.katalon.core.main.TestCaseExecutor.runScript(TestCaseExecutor.java:331)
	at com.kms.katalon.core.main.TestCaseExecutor.doExecute(TestCaseExecutor.java:322)
	at com.kms.katalon.core.main.TestCaseExecutor.processExecutionPhase(TestCaseExecutor.java:301)
	at com.kms.katalon.core.main.TestCaseExecutor.accessMainPhase(TestCaseExecutor.java:293)
	at com.kms.katalon.core.main.TestCaseExecutor.execute(TestCaseExecutor.java:227)
	at com.kms.katalon.core.main.TestSuiteExecutor.accessTestCaseMainPhase(TestSuiteExecutor.java:129)
	at com.kms.katalon.core.main.TestSuiteExecutor.accessTestSuiteMainPhase(TestSuiteExecutor.java:112)
	at com.kms.katalon.core.main.TestSuiteExecutor.execute(TestSuiteExecutor.java:81)
	at com.kms.katalon.core.main.TestCaseMain.startTestSuite(TestCaseMain.java:157)
	at com.kms.katalon.core.main.TestCaseMain$startTestSuite$0.call(Unknown Source)
	at TempTestSuite1551942172840.run(TempTestSuite1551942172840.groovy:35)]]></system-out>
      <system-err><![CDATA[2019-03-07 12:32:56 - [TEST_SUITE][FAILED] - New Test Suite: Test Cases/MercatusTestCases/ProjectTestCases/CreateValidProjectTestCase FAILED.
Reason:
com.kms.katalon.core.exception.StepFailedException: Given string 'Jan-151' not found in response text '{"error":"The application has encountered an error, Please retry."}'
	at com.kms.katalon.core.keyword.internal.KeywordMain.stepFailed(KeywordMain.groovy:48)
	at com.kms.katalon.core.webservice.keyword.builtin.ContainsStringKeyword$_containsString_closure1.doCall(ContainsStringKeyword.groovy:55)
	at com.kms.katalon.core.webservice.keyword.builtin.ContainsStringKeyword$_containsString_closure1.call(ContainsStringKeyword.groovy)
	at com.kms.katalon.core.keyword.internal.KeywordMain.runKeyword(KeywordMain.groovy:66)
	at com.kms.katalon.core.webservice.keyword.builtin.ContainsStringKeyword.containsString(ContainsStringKeyword.groovy:41)
	at com.kms.katalon.core.webservice.keyword.builtin.ContainsStringKeyword.execute(ContainsStringKeyword.groovy:36)
	at com.kms.katalon.core.keyword.internal.KeywordExecutor.executeKeywordForPlatform(KeywordExecutor.groovy:56)
	at com.kms.katalon.core.webservice.keyword.WSBuiltInKeywords.containsString(WSBuiltInKeywords.groovy:183)
	at com.kms.katalon.core.webservice.keyword.WSBuiltInKeywords$containsString$0.call(Unknown Source)
	at CreateValidProjectTestCase.run(CreateValidProjectTestCase:20)
	at com.kms.katalon.core.main.ScriptEngine.run(ScriptEngine.java:194)
	at com.kms.katalon.core.main.ScriptEngine.runScriptAsRawText(ScriptEngine.java:119)
	at com.kms.katalon.core.main.TestCaseExecutor.runScript(TestCaseExecutor.java:331)
	at com.kms.katalon.core.main.TestCaseExecutor.doExecute(TestCaseExecutor.java:322)
	at com.kms.katalon.core.main.TestCaseExecutor.processExecutionPhase(TestCaseExecutor.java:301)
	at com.kms.katalon.core.main.TestCaseExecutor.accessMainPhase(TestCaseExecutor.java:293)
	at com.kms.katalon.core.main.TestCaseExecutor.execute(TestCaseExecutor.java:227)
	at com.kms.katalon.core.main.TestSuiteExecutor.accessTestCaseMainPhase(TestSuiteExecutor.java:129)
	at com.kms.katalon.core.main.TestSuiteExecutor.accessTestSuiteMainPhase(TestSuiteExecutor.java:112)
	at com.kms.katalon.core.main.TestSuiteExecutor.execute(TestSuiteExecutor.java:81)
	at com.kms.katalon.core.main.TestCaseMain.startTestSuite(TestCaseMain.java:157)
	at com.kms.katalon.core.main.TestCaseMain$startTestSuite$0.call(Unknown Source)
	at TempTestSuite1551942172840.run(TempTestSuite1551942172840.groovy:35)]]></system-err>
   </testsuite>
</testsuites>
